#
# There is insufficient memory for the Java Runtime Environment to continue.
# Native memory allocation (mmap) failed to map 264241152 bytes. Error detail: G1 virtual space
# Possible reasons:
#   The system is out of physical RAM or swap space
#   This process is running with CompressedOops enabled, and the Java Heap may be blocking the growth of the native heap
# Possible solutions:
#   Reduce memory load on the system
#   Increase physical memory or swap space
#   Check if swap backing store is full
#   Decrease Java heap size (-Xmx/-Xms)
#   Decrease number of Java threads
#   Decrease Java thread stack sizes (-Xss)
#   Set larger code cache with -XX:ReservedCodeCacheSize=
#   JVM is running with Zero Based Compressed Oops mode in which the Java heap is
#     placed in the first 32GB address space. The Java Heap base address is the
#     maximum limit for the native heap growth. Please use -XX:HeapBaseMinAddress
#     to set the Java Heap base and to place the Java Heap above 32GB virtual address.
# This output file may be truncated or incomplete.
#
#  Out of Memory Error (os_windows.cpp:3614), pid=19416, tid=19048
#
# JRE version:  (17.0.13+11) (build )
# Java VM: OpenJDK 64-Bit Server VM (17.0.13+11, mixed mode, sharing, tiered, compressed oops, compressed class ptrs, g1 gc, windows-amd64)
# No core dump will be written. Minidumps are not enabled by default on client versions of Windows
#

---------------  S U M M A R Y ------------

Command Line: com.google.prefab.cli.AppKt --build-system cmake --platform android --abi arm64-v8a --os-version 24 --stl c++_shared --ndk-version 26 --output C:\\Users\\charles\\AppData\\Local\\Temp\\agp-prefab-staging16790179804486539732\\staged-cli-output C:\\Users\\charles\\.gradle\\caches\\8.10.2\\transforms\\f55693cd78c81fc61ac8b821a5620e2b\\transformed\\react-android-0.76.7-debug\\prefab C:\\Users\\charles\\.gradle\\caches\\8.10.2\\transforms\\b0a8e7dcb834e463fb86d50fe79b06bb\\transformed\\hermes-android-0.76.7-debug\\prefab C:\\Users\\charles\\.gradle\\caches\\8.10.2\\transforms\\ecaf85af74491e145fd7c1a1474ff70a\\transformed\\fbjni-0.6.0\\prefab

Host: 12th Gen Intel(R) Core(TM) i5-12500H, 16 cores, 15G,  Windows 11 , 64 bit Build 26100 (10.0.26100.3323)
Time: Sun Mar  9 19:54:46 2025 China Standard Time elapsed time: 1.478376 seconds (0d 0h 0m 1s)

---------------  T H R E A D  ---------------

Current thread (0x000001ca0cfcae50):  JavaThread "Unknown thread" [_thread_in_vm, id=19048, stack(0x0000006d2e400000,0x0000006d2e500000)]

Stack: [0x0000006d2e400000,0x0000006d2e500000]
Native frames: (J=compiled Java code, j=interpreted, Vv=VM code, C=native code)
V  [jvm.dll+0x682a19]
V  [jvm.dll+0x839538]
V  [jvm.dll+0x83afe3]
V  [jvm.dll+0x83b653]
V  [jvm.dll+0x24704f]
V  [jvm.dll+0x67f809]
V  [jvm.dll+0x6746fa]
V  [jvm.dll+0x304a96]
V  [jvm.dll+0x30bf56]
V  [jvm.dll+0x35da5e]
V  [jvm.dll+0x35dc9d]
V  [jvm.dll+0x2dbe5c]
V  [jvm.dll+0x2dcd74]
V  [jvm.dll+0x80b44b]
V  [jvm.dll+0x36b491]
V  [jvm.dll+0x7e9e3f]
V  [jvm.dll+0x3f1d7f]
V  [jvm.dll+0x3f38b1]
C  [jli.dll+0x5278]
C  [ucrtbase.dll+0x37b0]
C  [KERNEL32.DLL+0x2e8d7]
C  [ntdll.dll+0xbbf6c]


---------------  P R O C E S S  ---------------

Threads class SMR info:
_java_thread_list=0x00007ff87ad27f58, length=0, elements={
}

Java Threads: ( => current thread )

Other Threads:
  0x000001ca0d036fc0 GCTaskThread "GC Thread#0" [stack: 0x0000006d2e500000,0x0000006d2e600000] [id=7252]
  0x000001ca2e1ac8b0 ConcurrentGCThread "G1 Main Marker" [stack: 0x0000006d2e600000,0x0000006d2e700000] [id=27512]
  0x000001ca0d03dfd0 ConcurrentGCThread "G1 Conc#0" [stack: 0x0000006d2e700000,0x0000006d2e800000] [id=14552]

[error occurred during error reporting (printing all threads), id 0xc0000005, EXCEPTION_ACCESS_VIOLATION (0xc0000005) at pc=0x00007ff87a4dc987]

VM state: not at safepoint (not fully initialized)

VM Mutex/Monitor currently owned by a thread:  ([mutex/lock_event])
[0x000001ca0cfca480] Heap_lock - owner thread: 0x000001ca0cfcae50

Heap address: 0x0000000704800000, size: 4024 MB, Compressed Oops mode: Zero based, Oop shift amount: 3

CDS archive(s) mapped at: [0x0000000000000000-0x0000000000000000-0x0000000000000000), size 0, SharedBaseAddress: 0x0000000800000000, ArchiveRelocationMode: 1.
Narrow klass base: 0x0000000000000000, Narrow klass shift: 0, Narrow klass range: 0x0

GC Precious Log:
<Empty>

Heap:
 garbage-first heap   total 0K, used 0K [0x0000000704800000, 0x0000000800000000)
  region size 2048K, 0 young (0K), 0 survivors (0K)

[error occurred during error reporting (printing heap information), id 0xc0000005, EXCEPTION_ACCESS_VIOLATION (0xc0000005) at pc=0x00007ff87a8cc179]

GC Heap History (0 events):
No events

Dll operation events (1 events):
Event: 0.012 Loaded shared library C:\Program Files\Eclipse Adoptium\jdk-17.0.13.11-hotspot\bin\java.dll

Deoptimization events (0 events):
No events

Classes loaded (0 events):
No events

Classes unloaded (0 events):
No events

Classes redefined (0 events):
No events

Internal exceptions (0 events):
No events

VM Operations (0 events):
No events

Memory protections (0 events):
No events

Nmethod flushes (0 events):
No events

Events (0 events):
No events


Dynamic libraries:
0x00007ff73e6d0000 - 0x00007ff73e6de000 	C:\Program Files\Eclipse Adoptium\jdk-17.0.13.11-hotspot\bin\java.exe
0x00007ff934600000 - 0x00007ff934863000 	C:\WINDOWS\SYSTEM32\ntdll.dll
0x00007ff933400000 - 0x00007ff9334c7000 	C:\WINDOWS\System32\KERNEL32.DLL
0x00007ff9319f0000 - 0x00007ff931db9000 	C:\WINDOWS\System32\KERNELBASE.dll
0x0000000064070000 - 0x00000000643a1000 	C:\Program Files\Norton Security\NortonData\22.22.9.11\Definitions\IPSDefs\20230321.061\IPSEng64.dll
0x00007ff933730000 - 0x00007ff9337e2000 	C:\WINDOWS\System32\ADVAPI32.dll
0x00007ff933ed0000 - 0x00007ff933f79000 	C:\WINDOWS\System32\msvcrt.dll
0x00007ff932590000 - 0x00007ff932636000 	C:\WINDOWS\System32\sechost.dll
0x00007ff933db0000 - 0x00007ff933ec6000 	C:\WINDOWS\System32\RPCRT4.dll
0x00007ff934120000 - 0x00007ff934128000 	C:\WINDOWS\System32\PSAPI.DLL
0x00007ff931800000 - 0x00007ff93194c000 	C:\WINDOWS\System32\ucrtbase.dll
0x00007ff8eff30000 - 0x00007ff8eff4e000 	C:\Program Files\Eclipse Adoptium\jdk-17.0.13.11-hotspot\bin\VCRUNTIME140.dll
0x00007ff8e3720000 - 0x00007ff8e3737000 	C:\Program Files\Eclipse Adoptium\jdk-17.0.13.11-hotspot\bin\jli.dll
0x00007ff933aa0000 - 0x00007ff933c6a000 	C:\WINDOWS\System32\USER32.dll
0x00007ff917180000 - 0x00007ff917410000 	C:\WINDOWS\WinSxS\amd64_microsoft.windows.common-controls_6595b64144ccf1df_6.0.26100.3323_none_3e088096e3344490\COMCTL32.dll
0x00007ff932280000 - 0x00007ff9322a7000 	C:\WINDOWS\System32\win32u.dll
0x00007ff933d80000 - 0x00007ff933daa000 	C:\WINDOWS\System32\GDI32.dll
0x00007ff932140000 - 0x00007ff932271000 	C:\WINDOWS\System32\gdi32full.dll
0x00007ff932000000 - 0x00007ff9320a3000 	C:\WINDOWS\System32\msvcp_win.dll
0x00007ff933f80000 - 0x00007ff933faf000 	C:\WINDOWS\System32\IMM32.DLL
0x00007ff8ddee0000 - 0x00007ff8ddeec000 	C:\Program Files\Eclipse Adoptium\jdk-17.0.13.11-hotspot\bin\vcruntime140_1.dll
0x00007ff8a4fc0000 - 0x00007ff8a504d000 	C:\Program Files\Eclipse Adoptium\jdk-17.0.13.11-hotspot\bin\msvcp140.dll
0x00007ff87a1f0000 - 0x00007ff87ae5b000 	C:\Program Files\Eclipse Adoptium\jdk-17.0.13.11-hotspot\bin\server\jvm.dll
0x00007ff9334d0000 - 0x00007ff933544000 	C:\WINDOWS\System32\WS2_32.dll
0x00007ff930470000 - 0x00007ff9304be000 	C:\WINDOWS\SYSTEM32\POWRPROF.dll
0x00007ff929ed0000 - 0x00007ff929edb000 	C:\WINDOWS\SYSTEM32\VERSION.dll
0x00007ff926a10000 - 0x00007ff926a46000 	C:\WINDOWS\SYSTEM32\WINMM.dll
0x00007ff930450000 - 0x00007ff930464000 	C:\WINDOWS\SYSTEM32\UMPDC.dll
0x00007ff930710000 - 0x00007ff93072a000 	C:\WINDOWS\SYSTEM32\kernel.appcore.dll
0x00007ff8ddce0000 - 0x00007ff8ddcea000 	C:\Program Files\Eclipse Adoptium\jdk-17.0.13.11-hotspot\bin\jimage.dll
0x00007ff92ea50000 - 0x00007ff92ec91000 	C:\WINDOWS\SYSTEM32\DBGHELP.DLL
0x00007ff932f60000 - 0x00007ff9332e2000 	C:\WINDOWS\System32\combase.dll
0x00007ff9332f0000 - 0x00007ff9333c6000 	C:\WINDOWS\System32\OLEAUT32.dll
0x00007ff910490000 - 0x00007ff9104c9000 	C:\WINDOWS\SYSTEM32\dbgcore.DLL
0x00007ff931950000 - 0x00007ff9319e9000 	C:\WINDOWS\System32\bcryptPrimitives.dll
0x00007ff8dce10000 - 0x00007ff8dce35000 	C:\Program Files\Eclipse Adoptium\jdk-17.0.13.11-hotspot\bin\java.dll

dbghelp: loaded successfully - version: 4.0.5 - missing functions: none
symbol engine: initialized successfully - sym options: 0x614 - pdb path: .;C:\Program Files\Eclipse Adoptium\jdk-17.0.13.11-hotspot\bin;C:\WINDOWS\SYSTEM32;C:\Program Files\Norton Security\NortonData\22.22.9.11\Definitions\IPSDefs\20230321.061;C:\WINDOWS\WinSxS\amd64_microsoft.windows.common-controls_6595b64144ccf1df_6.0.26100.3323_none_3e088096e3344490;C:\Program Files\Eclipse Adoptium\jdk-17.0.13.11-hotspot\bin\server

VM Arguments:
java_command: com.google.prefab.cli.AppKt --build-system cmake --platform android --abi arm64-v8a --os-version 24 --stl c++_shared --ndk-version 26 --output C:\\Users\\charles\\AppData\\Local\\Temp\\agp-prefab-staging16790179804486539732\\staged-cli-output C:\\Users\\charles\\.gradle\\caches\\8.10.2\\transforms\\f55693cd78c81fc61ac8b821a5620e2b\\transformed\\react-android-0.76.7-debug\\prefab C:\\Users\\charles\\.gradle\\caches\\8.10.2\\transforms\\b0a8e7dcb834e463fb86d50fe79b06bb\\transformed\\hermes-android-0.76.7-debug\\prefab C:\\Users\\charles\\.gradle\\caches\\8.10.2\\transforms\\ecaf85af74491e145fd7c1a1474ff70a\\transformed\\fbjni-0.6.0\\prefab
java_class_path (initial): C:\\Users\\charles\\.gradle\\caches\\modules-2\\files-2.1\\com.google.prefab\\cli\\2.1.0\\aa32fec809c44fa531f01dcfb739b5b3304d3050\\cli-2.1.0-all.jar
Launcher Type: SUN_STANDARD

[Global flags]
     intx CICompilerCount                          = 12                                        {product} {ergonomic}
     uint ConcGCThreads                            = 3                                         {product} {ergonomic}
     uint G1ConcRefinementThreads                  = 13                                        {product} {ergonomic}
   size_t G1HeapRegionSize                         = 2097152                                   {product} {ergonomic}
    uintx GCDrainStackTargetSize                   = 64                                        {product} {ergonomic}
   size_t InitialHeapSize                          = 264241152                                 {product} {ergonomic}
   size_t MarkStackSize                            = 4194304                                   {product} {ergonomic}
   size_t MaxHeapSize                              = 4219469824                                {product} {ergonomic}
   size_t MinHeapDeltaBytes                        = 2097152                                   {product} {ergonomic}
   size_t MinHeapSize                              = 8388608                                   {product} {ergonomic}
    uintx NonNMethodCodeHeapSize                   = 7602480                                {pd product} {ergonomic}
    uintx NonProfiledCodeHeapSize                  = 122027880                              {pd product} {ergonomic}
    uintx ProfiledCodeHeapSize                     = 122027880                              {pd product} {ergonomic}
    uintx ReservedCodeCacheSize                    = 251658240                              {pd product} {ergonomic}
     bool SegmentedCodeCache                       = true                                      {product} {ergonomic}
   size_t SoftMaxHeapSize                          = 4219469824                             {manageable} {ergonomic}
     bool UseCompressedClassPointers               = true                           {product lp64_product} {ergonomic}
     bool UseCompressedOops                        = true                           {product lp64_product} {ergonomic}
     bool UseG1GC                                  = true                                      {product} {ergonomic}
     bool UseLargePagesIndividualAllocation        = false                                  {pd product} {ergonomic}

Logging:
Log output configuration:
 #0: stdout all=warning uptime,level,tags
 #1: stderr all=off uptime,level,tags

Environment Variables:
CLASSPATH=C:\Users\charles\Desktop\midtermprojgrp6-main\android\\gradle\wrapper\gradle-wrapper.jar
PATH=C:\Users\charles\Desktop\midtermprojgrp6-main\node_modules\.bin;C:\Users\charles\Desktop\midtermprojgrp6-main\node_modules\.bin;C:\Users\charles\Desktop\node_modules\.bin;C:\Users\charles\node_modules\.bin;C:\Users\node_modules\.bin;C:\node_modules\.bin;C:\Users\charles\AppData\Roaming\npm\node_modules\npm\node_modules\@npmcli\run-script\lib\node-gyp-bin;C:\Users\charles\bin;C:\Program Files\Git\mingw64\bin;C:\Program Files\Git\usr\local\bin;C:\Program Files\Git\usr\bin;C:\Program Files\Git\usr\bin;C:\Program Files\Git\mingw64\bin;C:\Program Files\Git\usr\bin;C:\Users\charles\bin;C:\Program Files\Eclipse Adoptium\jdk-17.0.13.11-hotspot\bin;C:\Python313\Scripts;C:\Python313;C:\Program Files\Common Files\Oracle\Java\javapath;C:\Program Files (x86)\Common Files\Oracle\Java\javapath;C:\Windows\system32;C:\Windows;C:\Windows\System32\Wbem;C:\Windows\System32\WindowsPowerShell\v1.0;C:\Windows\System32\OpenSSH;C:\Program Files (x86)\NVIDIA Corporation\PhysX\Common;C:\WINDOWS\system32;C:\WINDOWS;C:\WINDOWS\System32\Wbem;C:\WINDOWS\System32\WindowsPowerShell\v1.0;C:\WINDOWS\System32\OpenSSH;C:\Program Files\NVIDIA Corporation\NVIDIA NvDLISR;C:\Program Files\Java\jdk-22\bin;C:\Program Files\Microsoft SQL Server\Client SDK\ODBC\170\Tools\Binn;C:\Program Files\Microsoft SQL Server\150\Tools\Binn;C:\Program Files\dotnet;C:\Program Files\Git\cmd;C:\Program Files\nodejs;C:\ProgramData\chocolatey\bin;C:\laragon\bin;C:\laragon\bin\apache\httpd-2.4.54-win64-VS16\bin;C:\laragon\bin\composer;C:\laragon\bin\git\bin;C:\laragon\bin\git\cmd;C:\laragon\bin\git\mingw64\bin;C:\laragon\bin\git\usr\bin;C:\laragon\bin\laragon\utils;C:\laragon\bin\mysql\mysql-8.0.30-winx64\bin;C:\laragon\bin\nginx\nginx-1.22.0;C:\laragon\bin\ngrok;C:\laragon\bin\nodejs\node-v18;C:\laragon\bin\notepad++;C:\laragon\bin\php\php-8.1.10-Win32-vs16-x64;C:\laragon\bin\python\python-3.10;C:\laragon\bin\python\python-3.10\Scripts;C:\laragon\bin\redis\redis-x64-5.0.14.1;C:\laragon\bin\telnet;C:\laragon\usr\bin;C:\Users\c
USERNAME=charles
SHELL=C:\Program Files\Git\usr\bin\bash.exe
DISPLAY=needs-to-be-defined
LANG=en_US.UTF-8
TERM=xterm-256color
TMPDIR=C:\Users\charles\AppData\Local\Temp
OS=Windows_NT
PROCESSOR_IDENTIFIER=Intel64 Family 6 Model 154 Stepping 3, GenuineIntel
TMP=C:\Users\charles\AppData\Local\Temp
TEMP=C:\Users\charles\AppData\Local\Temp



Periodic native trim disabled


---------------  S Y S T E M  ---------------

OS:
 Windows 11 , 64 bit Build 26100 (10.0.26100.3323)
OS uptime: 0 days 3:46 hours
Hyper-V role detected

CPU: total 16 (initial active 16) (8 cores per cpu, 2 threads per core) family 6 model 154 stepping 3 microcode 0x41b, cx8, cmov, fxsr, ht, mmx, 3dnowpref, sse, sse2, sse3, ssse3, sse4.1, sse4.2, popcnt, lzcnt, tsc, tscinvbit, avx, avx2, aes, erms, clmul, bmi1, bmi2, adx, sha, fma, vzeroupper, clflush, clflushopt, clwb, hv
Processor Information for processor 0
  Max Mhz: 3100, Current Mhz: 3100, Mhz Limit: 3100
Processor Information for processor 1
  Max Mhz: 3100, Current Mhz: 3100, Mhz Limit: 3100
Processor Information for processor 2
  Max Mhz: 3100, Current Mhz: 3100, Mhz Limit: 3100
Processor Information for processor 3
  Max Mhz: 3100, Current Mhz: 3100, Mhz Limit: 3100
Processor Information for processor 4
  Max Mhz: 3100, Current Mhz: 3100, Mhz Limit: 3100
Processor Information for processor 5
  Max Mhz: 3100, Current Mhz: 3100, Mhz Limit: 3100
Processor Information for processor 6
  Max Mhz: 3100, Current Mhz: 3100, Mhz Limit: 3100
Processor Information for processor 7
  Max Mhz: 3100, Current Mhz: 3100, Mhz Limit: 3100
Processor Information for processor 8
  Max Mhz: 3100, Current Mhz: 2232, Mhz Limit: 2232
Processor Information for processor 9
  Max Mhz: 3100, Current Mhz: 1488, Mhz Limit: 2232
Processor Information for processor 10
  Max Mhz: 3100, Current Mhz: 2232, Mhz Limit: 2232
Processor Information for processor 11
  Max Mhz: 3100, Current Mhz: 2232, Mhz Limit: 2232
Processor Information for processor 12
  Max Mhz: 3100, Current Mhz: 2232, Mhz Limit: 2232
Processor Information for processor 13
  Max Mhz: 3100, Current Mhz: 1488, Mhz Limit: 2232
Processor Information for processor 14
  Max Mhz: 3100, Current Mhz: 2232, Mhz Limit: 2232
Processor Information for processor 15
  Max Mhz: 3100, Current Mhz: 2232, Mhz Limit: 2232

Memory: 4k page, system-wide physical 16088M (1072M free)
TotalPageFile size 65240M (AvailPageFile size 1M)
current process WorkingSet (physical memory assigned to process): 13M, peak: 13M
current process commit charge ("private bytes"): 71M, peak: 323M

vm_info: OpenJDK 64-Bit Server VM (17.0.13+11) for windows-amd64 JRE (17.0.13+11), built on Oct 16 2024 00:10:08 by "admin" with MS VC++ 17.7 (VS2022)

END.
